RUNIT TEST PROTOCOL -- Tue May  8 22:28:34 2018 
*********************************************** 
Number of test functions: 7 
Number of errors: 0 
Number of failures: 0 

 
1 Test Suite : 
bundeswaldinventur_unit_test - 7 test functions, 0 errors, 0 failures



Details 
*************************** 
Test Suite: bundeswaldinventur_unit_test 
Test function regexp: ^test_+ 
Test file regexp: ^.*\.[rR] 
Involved directory: 
/home/qwer/git/cyclops/fvafrcu/bundeswaldinventur/bundeswaldinventur.Rcheck/bundeswaldinventur/runit_tests 
--------------------------- 
Test file: /home/qwer/git/cyclops/fvafrcu/bundeswaldinventur/bundeswaldinventur.Rcheck/bundeswaldinventur/runit_tests/runit-adapt_script.R 
test_adapt_script: (3 checks) ... OK (0.03 seconds)
--------------------------- 
Test file: /home/qwer/git/cyclops/fvafrcu/bundeswaldinventur/bundeswaldinventur.Rcheck/bundeswaldinventur/runit_tests/runit-local_global_objects.R 
test_get_global_objects: (1 checks) ... OK (0.06 seconds)
test_get_global_variables: (2 checks) ... OK (0.01 seconds)
test_get_package_data: (3 checks) ... OK (0.01 seconds)
--------------------------- 
Test file: /home/qwer/git/cyclops/fvafrcu/bundeswaldinventur/bundeswaldinventur.Rcheck/bundeswaldinventur/runit_tests/runit-throw.R 
test_exception: (1 checks) ... OK (0 seconds)
--------------------------- 
Test file: /home/qwer/git/cyclops/fvafrcu/bundeswaldinventur/bundeswaldinventur.Rcheck/bundeswaldinventur/runit_tests/runit-tree_species_shares.R 
test_cast_tree_species_percent: (1 checks) ... OK (0.18 seconds)
test_tree_species_precent: (1 checks) ... OK (0.02 seconds)
