-% latex table generated in R 3.3.3 by xtable 1.8-2 package
+% latex table generated in R 3.5.0 by xtable 1.8-2 package
-% latex table generated in R 3.3.3 by xtable 1.8-2 package
+% latex table generated in R 3.5.0 by xtable 1.8-2 package
-% latex table generated in R 3.3.3 by xtable 1.8-2 package
+% latex table generated in R 3.5.0 by xtable 1.8-2 package
-% latex table generated in R 3.3.3 by xtable 1.8-2 package
+% latex table generated in R 3.5.0 by xtable 1.8-2 package
-% latex table generated in R 3.3.3 by xtable 1.8-2 package
+% latex table generated in R 3.5.0 by xtable 1.8-2 package
-% latex table generated in R 3.3.3 by xtable 1.8-2 package
+% latex table generated in R 3.5.0 by xtable 1.8-2 package
-% latex table generated in R 3.3.3 by xtable 1.8-2 package
+% latex table generated in R 3.5.0 by xtable 1.8-2 package
-% latex table generated in R 3.3.3 by xtable 1.8-2 package
+% latex table generated in R 3.5.0 by xtable 1.8-2 package
-% latex table generated in R 3.3.3 by xtable 1.8-2 package
+% latex table generated in R 3.5.0 by xtable 1.8-2 package
-% latex table generated in R 3.3.3 by xtable 1.8-2 package
+% latex table generated in R 3.5.0 by xtable 1.8-2 package
-% latex table generated in R 3.3.3 by xtable 1.8-2 package
+% latex table generated in R 3.5.0 by xtable 1.8-2 package
-% latex table generated in R 3.3.3 by xtable 1.8-2 package
+% latex table generated in R 3.5.0 by xtable 1.8-2 package
-% latex table generated in R 3.3.3 by xtable 1.8-2 package
+% latex table generated in R 3.5.0 by xtable 1.8-2 package
-% latex table generated in R 3.3.3 by xtable 1.8-2 package
+% latex table generated in R 3.5.0 by xtable 1.8-2 package
-% latex table generated in R 3.3.3 by xtable 1.8-2 package
+% latex table generated in R 3.5.0 by xtable 1.8-2 package
-% latex table generated in R 3.3.3 by xtable 1.8-2 package
+% latex table generated in R 3.5.0 by xtable 1.8-2 package
-% latex table generated in R 3.3.3 by xtable 1.8-2 package
+% latex table generated in R 3.5.0 by xtable 1.8-2 package
-% latex table generated in R 3.3.3 by xtable 1.8-2 package
+% latex table generated in R 3.5.0 by xtable 1.8-2 package
-% latex table generated in R 3.3.3 by xtable 1.8-2 package
+% latex table generated in R 3.5.0 by xtable 1.8-2 package
-% latex table generated in R 3.3.3 by xtable 1.8-2 package
+% latex table generated in R 3.5.0 by xtable 1.8-2 package
-% latex table generated in R 3.3.3 by xtable 1.8-2 package
+% latex table generated in R 3.5.0 by xtable 1.8-2 package
-  Durchmesser &  \multicolumn{2}{c}{>=50 cm} & \multicolumn{2}{c}{0-24.9 cm} & \multicolumn{2}{c}{25-49.9 cm} & \multicolumn{2}{c}{Gesamt} \\ \toprule
+  Durchmesser &  \multicolumn{2}{c}{0-24.9 cm} & \multicolumn{2}{c}{25-49.9 cm} & \multicolumn{2}{c}{>=50 cm} & \multicolumn{2}{c}{Gesamt} \\ \toprule
-1987 - 2002 & 173.777 & 29.348 & 206.069 & 24.528 & 723.722 & 79.842 & 1.103.567 & 110.069 \\ 
+1987 - 2002 & 206.069 & 24.528 & 723.722 & 79.842 & 173.777 & 29.348 & 1.103.567 & 110.069 \\ 
-2002 - 2012 & 133.175 & 20.230 & 100.149 & 12.561 & 350.994 & 36.561 &   584.318 &  55.471 \\ 
+2002 - 2012 & 100.149 & 12.561 & 350.994 & 36.561 & 133.175 & 20.230 &   584.318 &  55.471 \\ 
-% latex table generated in R 3.3.3 by xtable 1.8-2 package
+% latex table generated in R 3.5.0 by xtable 1.8-2 package
-% latex table generated in R 3.3.3 by xtable 1.8-2 package
+% latex table generated in R 3.5.0 by xtable 1.8-2 package
-% latex table generated in R 3.3.3 by xtable 1.8-2 package
+% latex table generated in R 3.5.0 by xtable 1.8-2 package
-% latex table generated in R 3.3.3 by xtable 1.8-2 package
+% latex table generated in R 3.5.0 by xtable 1.8-2 package
-% latex table generated in R 3.3.3 by xtable 1.8-2 package
+% latex table generated in R 3.5.0 by xtable 1.8-2 package
-% latex table generated in R 3.3.3 by xtable 1.8-2 package
+% latex table generated in R 3.5.0 by xtable 1.8-2 package
-% latex table generated in R 3.3.3 by xtable 1.8-2 package
+% latex table generated in R 3.5.0 by xtable 1.8-2 package
-% latex table generated in R 3.3.3 by xtable 1.8-2 package
+% latex table generated in R 3.5.0 by xtable 1.8-2 package
-% latex table generated in R 3.3.3 by xtable 1.8-2 package
+% latex table generated in R 3.5.0 by xtable 1.8-2 package
-% latex table generated in R 3.3.3 by xtable 1.8-2 package
+% latex table generated in R 3.5.0 by xtable 1.8-2 package
-% latex table generated in R 3.3.3 by xtable 1.8-2 package
+% latex table generated in R 3.5.0 by xtable 1.8-2 package
-% latex table generated in R 3.3.3 by xtable 1.8-2 package
+% latex table generated in R 3.5.0 by xtable 1.8-2 package
-% latex table generated in R 3.3.3 by xtable 1.8-2 package
+% latex table generated in R 3.5.0 by xtable 1.8-2 package
-% latex table generated in R 3.3.3 by xtable 1.8-2 package
+% latex table generated in R 3.5.0 by xtable 1.8-2 package
-% latex table generated in R 3.3.3 by xtable 1.8-2 package
+% latex table generated in R 3.5.0 by xtable 1.8-2 package
-% latex table generated in R 3.3.3 by xtable 1.8-2 package
+% latex table generated in R 3.5.0 by xtable 1.8-2 package
-% latex table generated in R 3.3.3 by xtable 1.8-2 package
+% latex table generated in R 3.5.0 by xtable 1.8-2 package
-% latex table generated in R 3.3.3 by xtable 1.8-2 package
+% latex table generated in R 3.5.0 by xtable 1.8-2 package
-% latex table generated in R 3.3.3 by xtable 1.8-2 package
+% latex table generated in R 3.5.0 by xtable 1.8-2 package
-% latex table generated in R 3.3.3 by xtable 1.8-2 package
+% latex table generated in R 3.5.0 by xtable 1.8-2 package
-% latex table generated in R 3.3.3 by xtable 1.8-2 package
+% latex table generated in R 3.5.0 by xtable 1.8-2 package
-% latex table generated in R 3.3.3 by xtable 1.8-2 package
+% latex table generated in R 3.5.0 by xtable 1.8-2 package
-  Durchmesser &  \multicolumn{2}{c}{>=50 cm} & \multicolumn{2}{c}{0-24.9 cm} & \multicolumn{2}{c}{25-49.9 cm} & \multicolumn{2}{c}{Gesamt} \\ \toprule
+  Durchmesser &  \multicolumn{2}{c}{0-24.9 cm} & \multicolumn{2}{c}{25-49.9 cm} & \multicolumn{2}{c}{>=50 cm} & \multicolumn{2}{c}{Gesamt} \\ \toprule
-1987 - 2002 & 85.054 & 22.810 & 95.804 & 17.248 & 350.672 & 57.170 & 531.531 & 77.754 \\ 
+1987 - 2002 & 95.804 & 17.248 & 350.672 & 57.170 & 85.054 & 22.810 & 531.531 & 77.754 \\ 
-2002 - 2012 & 63.920 & 13.397 & 46.460 &  8.917 & 152.994 & 24.932 & 263.373 & 37.350 \\ 
+2002 - 2012 & 46.460 &  8.917 & 152.994 & 24.932 & 63.920 & 13.397 & 263.373 & 37.350 \\ 
-% latex table generated in R 3.3.3 by xtable 1.8-2 package
+% latex table generated in R 3.5.0 by xtable 1.8-2 package
-% latex table generated in R 3.3.3 by xtable 1.8-2 package
+% latex table generated in R 3.5.0 by xtable 1.8-2 package
-% latex table generated in R 3.3.3 by xtable 1.8-2 package
+% latex table generated in R 3.5.0 by xtable 1.8-2 package
-% latex table generated in R 3.3.3 by xtable 1.8-2 package
+% latex table generated in R 3.5.0 by xtable 1.8-2 package
-% latex table generated in R 3.3.3 by xtable 1.8-2 package
+% latex table generated in R 3.5.0 by xtable 1.8-2 package
-% latex table generated in R 3.3.3 by xtable 1.8-2 package
+% latex table generated in R 3.5.0 by xtable 1.8-2 package
-% latex table generated in R 3.3.3 by xtable 1.8-2 package
+% latex table generated in R 3.5.0 by xtable 1.8-2 package
-% latex table generated in R 3.3.3 by xtable 1.8-2 package
+% latex table generated in R 3.5.0 by xtable 1.8-2 package
-% latex table generated in R 3.3.3 by xtable 1.8-2 package
+% latex table generated in R 3.5.0 by xtable 1.8-2 package
-% latex table generated in R 3.3.3 by xtable 1.8-2 package
+% latex table generated in R 3.5.0 by xtable 1.8-2 package
-% latex table generated in R 3.3.3 by xtable 1.8-2 package
+% latex table generated in R 3.5.0 by xtable 1.8-2 package
-% latex table generated in R 3.3.3 by xtable 1.8-2 package
+% latex table generated in R 3.5.0 by xtable 1.8-2 package
-% latex table generated in R 3.3.3 by xtable 1.8-2 package
+% latex table generated in R 3.5.0 by xtable 1.8-2 package
-% latex table generated in R 3.3.3 by xtable 1.8-2 package
+% latex table generated in R 3.5.0 by xtable 1.8-2 package
-% latex table generated in R 3.3.3 by xtable 1.8-2 package
+% latex table generated in R 3.5.0 by xtable 1.8-2 package
-% latex table generated in R 3.3.3 by xtable 1.8-2 package
+% latex table generated in R 3.5.0 by xtable 1.8-2 package
-% latex table generated in R 3.3.3 by xtable 1.8-2 package
+% latex table generated in R 3.5.0 by xtable 1.8-2 package
-% latex table generated in R 3.3.3 by xtable 1.8-2 package
+% latex table generated in R 3.5.0 by xtable 1.8-2 package
-% latex table generated in R 3.3.3 by xtable 1.8-2 package
+% latex table generated in R 3.5.0 by xtable 1.8-2 package
-% latex table generated in R 3.3.3 by xtable 1.8-2 package
+% latex table generated in R 3.5.0 by xtable 1.8-2 package
-% latex table generated in R 3.3.3 by xtable 1.8-2 package
+% latex table generated in R 3.5.0 by xtable 1.8-2 package
-% latex table generated in R 3.3.3 by xtable 1.8-2 package
+% latex table generated in R 3.5.0 by xtable 1.8-2 package
-  Durchmesser &  \multicolumn{2}{c}{>=50 cm} & \multicolumn{2}{c}{0-24.9 cm} & \multicolumn{2}{c}{25-49.9 cm} & \multicolumn{2}{c}{Gesamt} \\ \toprule
+  Durchmesser &  \multicolumn{2}{c}{0-24.9 cm} & \multicolumn{2}{c}{25-49.9 cm} & \multicolumn{2}{c}{>=50 cm} & \multicolumn{2}{c}{Gesamt} \\ \toprule
-1987 - 2002 & 88.722 & 18.473 & 110.264 & 17.235 & 373.049 & 54.494 & 572.036 & 76.413 \\ 
+1987 - 2002 & 110.264 & 17.235 & 373.049 & 54.494 & 88.722 & 18.473 & 572.036 & 76.413 \\ 
-2002 - 2012 & 69.255 & 15.191 &  53.689 &  8.857 & 198.001 & 26.099 & 320.945 & 40.397 \\ 
+2002 - 2012 &  53.689 &  8.857 & 198.001 & 26.099 & 69.255 & 15.191 & 320.945 & 40.397 \\ 
-% latex table generated in R 3.3.3 by xtable 1.8-2 package
+% latex table generated in R 3.5.0 by xtable 1.8-2 package
-% latex table generated in R 3.3.3 by xtable 1.8-2 package
+% latex table generated in R 3.5.0 by xtable 1.8-2 package
-% latex table generated in R 3.3.3 by xtable 1.8-2 package
+% latex table generated in R 3.5.0 by xtable 1.8-2 package
-% latex table generated in R 3.3.3 by xtable 1.8-2 package
+% latex table generated in R 3.5.0 by xtable 1.8-2 package
-% latex table generated in R 3.3.3 by xtable 1.8-2 package
+% latex table generated in R 3.5.0 by xtable 1.8-2 package
-% latex table generated in R 3.3.3 by xtable 1.8-2 package
+% latex table generated in R 3.5.0 by xtable 1.8-2 package
-% latex table generated in R 3.3.3 by xtable 1.8-2 package
+% latex table generated in R 3.5.0 by xtable 1.8-2 package
-% latex table generated in R 3.3.3 by xtable 1.8-2 package
+% latex table generated in R 3.5.0 by xtable 1.8-2 package
-% latex table generated in R 3.3.3 by xtable 1.8-2 package
+% latex table generated in R 3.5.0 by xtable 1.8-2 package
-% latex table generated in R 3.3.3 by xtable 1.8-2 package
+% latex table generated in R 3.5.0 by xtable 1.8-2 package
-% latex table generated in R 3.3.3 by xtable 1.8-2 package
+% latex table generated in R 3.5.0 by xtable 1.8-2 package
-% latex table generated in R 3.3.3 by xtable 1.8-2 package
+% latex table generated in R 3.5.0 by xtable 1.8-2 package
-% latex table generated in R 3.3.3 by xtable 1.8-2 package
+% latex table generated in R 3.5.0 by xtable 1.8-2 package
-  Durchmesser &  \multicolumn{2}{c}{>=50 cm} & \multicolumn{2}{c}{0-24.9 cm} & \multicolumn{2}{c}{25-49.9 cm} & \multicolumn{2}{c}{Gesamt} \\ \toprule
+  Durchmesser &  \multicolumn{2}{c}{0-24.9 cm} & \multicolumn{2}{c}{25-49.9 cm} & \multicolumn{2}{c}{>=50 cm} & \multicolumn{2}{c}{Gesamt} \\ \toprule
-1987 - 2002 & 173.777 & 29.348 & 206.069 & 24.528 & 723.722 & 79.842 & 1.103.567 & 110.069 \\ 
+1987 - 2002 & 206.069 & 24.528 & 723.722 & 79.842 & 173.777 & 29.348 & 1.103.567 & 110.069 \\ 
-2002 - 2012 & 133.175 & 20.230 & 100.149 & 12.561 & 350.994 & 36.561 &   584.318 &  55.471 \\ 
+2002 - 2012 & 100.149 & 12.561 & 350.994 & 36.561 & 133.175 & 20.230 &   584.318 &  55.471 \\ 
-% latex table generated in R 3.3.3 by xtable 1.8-2 package
+% latex table generated in R 3.5.0 by xtable 1.8-2 package
-% latex table generated in R 3.3.3 by xtable 1.8-2 package
+% latex table generated in R 3.5.0 by xtable 1.8-2 package
-% latex table generated in R 3.3.3 by xtable 1.8-2 package
+% latex table generated in R 3.5.0 by xtable 1.8-2 package
-% latex table generated in R 3.3.3 by xtable 1.8-2 package
+% latex table generated in R 3.5.0 by xtable 1.8-2 package
-% latex table generated in R 3.3.3 by xtable 1.8-2 package
+% latex table generated in R 3.5.0 by xtable 1.8-2 package
-% latex table generated in R 3.3.3 by xtable 1.8-2 package
+% latex table generated in R 3.5.0 by xtable 1.8-2 package
-% latex table generated in R 3.3.3 by xtable 1.8-2 package
+% latex table generated in R 3.5.0 by xtable 1.8-2 package
-% latex table generated in R 3.3.3 by xtable 1.8-2 package
+% latex table generated in R 3.5.0 by xtable 1.8-2 package
-% latex table generated in R 3.3.3 by xtable 1.8-2 package
+% latex table generated in R 3.5.0 by xtable 1.8-2 package
-% latex table generated in R 3.3.3 by xtable 1.8-2 package
+% latex table generated in R 3.5.0 by xtable 1.8-2 package
-% latex table generated in R 3.3.3 by xtable 1.8-2 package
+% latex table generated in R 3.5.0 by xtable 1.8-2 package
-% latex table generated in R 3.3.3 by xtable 1.8-2 package
+% latex table generated in R 3.5.0 by xtable 1.8-2 package
-% latex table generated in R 3.3.3 by xtable 1.8-2 package
+% latex table generated in R 3.5.0 by xtable 1.8-2 package
-% latex table generated in R 3.3.3 by xtable 1.8-2 package
+% latex table generated in R 3.5.0 by xtable 1.8-2 package
-% latex table generated in R 3.3.3 by xtable 1.8-2 package
+% latex table generated in R 3.5.0 by xtable 1.8-2 package
-% latex table generated in R 3.3.3 by xtable 1.8-2 package
+% latex table generated in R 3.5.0 by xtable 1.8-2 package
-% latex table generated in R 3.3.3 by xtable 1.8-2 package
+% latex table generated in R 3.5.0 by xtable 1.8-2 package
-% latex table generated in R 3.3.3 by xtable 1.8-2 package
+% latex table generated in R 3.5.0 by xtable 1.8-2 package
-% latex table generated in R 3.3.3 by xtable 1.8-2 package
+% latex table generated in R 3.5.0 by xtable 1.8-2 package
-% latex table generated in R 3.3.3 by xtable 1.8-2 package
+% latex table generated in R 3.5.0 by xtable 1.8-2 package
-% latex table generated in R 3.3.3 by xtable 1.8-2 package
+% latex table generated in R 3.5.0 by xtable 1.8-2 package
-% latex table generated in R 3.3.3 by xtable 1.8-2 package
+% latex table generated in R 3.5.0 by xtable 1.8-2 package
-  Durchmesser &  \multicolumn{2}{c}{>=50 cm} & \multicolumn{2}{c}{0-24.9 cm} & \multicolumn{2}{c}{25-49.9 cm} & \multicolumn{2}{c}{Gesamt} \\ \toprule
+  Durchmesser &  \multicolumn{2}{c}{0-24.9 cm} & \multicolumn{2}{c}{25-49.9 cm} & \multicolumn{2}{c}{>=50 cm} & \multicolumn{2}{c}{Gesamt} \\ \toprule
-1987 - 2002 & 88.722 & 18.473 & 110.264 & 17.235 & 373.049 & 54.494 & 572.036 & 76.413 \\ 
+1987 - 2002 & 110.264 & 17.235 & 373.049 & 54.494 & 88.722 & 18.473 & 572.036 & 76.413 \\ 
-2002 - 2012 & 69.255 & 15.191 &  53.689 &  8.857 & 198.001 & 26.099 & 320.945 & 40.397 \\ 
+2002 - 2012 &  53.689 &  8.857 & 198.001 & 26.099 & 69.255 & 15.191 & 320.945 & 40.397 \\ 
-% latex table generated in R 3.3.3 by xtable 1.8-2 package
+% latex table generated in R 3.5.0 by xtable 1.8-2 package
-% latex table generated in R 3.3.3 by xtable 1.8-2 package
+% latex table generated in R 3.5.0 by xtable 1.8-2 package
-% latex table generated in R 3.3.3 by xtable 1.8-2 package
+% latex table generated in R 3.5.0 by xtable 1.8-2 package
-% latex table generated in R 3.3.3 by xtable 1.8-2 package
+% latex table generated in R 3.5.0 by xtable 1.8-2 package
-% latex table generated in R 3.3.3 by xtable 1.8-2 package
+% latex table generated in R 3.5.0 by xtable 1.8-2 package
-% latex table generated in R 3.3.3 by xtable 1.8-2 package
+% latex table generated in R 3.5.0 by xtable 1.8-2 package
-% latex table generated in R 3.3.3 by xtable 1.8-2 package
+% latex table generated in R 3.5.0 by xtable 1.8-2 package
-% latex table generated in R 3.3.3 by xtable 1.8-2 package
+% latex table generated in R 3.5.0 by xtable 1.8-2 package
-% latex table generated in R 3.3.3 by xtable 1.8-2 package
+% latex table generated in R 3.5.0 by xtable 1.8-2 package
-% latex table generated in R 3.3.3 by xtable 1.8-2 package
+% latex table generated in R 3.5.0 by xtable 1.8-2 package
-% latex table generated in R 3.3.3 by xtable 1.8-2 package
+% latex table generated in R 3.5.0 by xtable 1.8-2 package
-% latex table generated in R 3.3.3 by xtable 1.8-2 package
+% latex table generated in R 3.5.0 by xtable 1.8-2 package
-% latex table generated in R 3.3.3 by xtable 1.8-2 package
+% latex table generated in R 3.5.0 by xtable 1.8-2 package
-% latex table generated in R 3.3.3 by xtable 1.8-2 package
+% latex table generated in R 3.5.0 by xtable 1.8-2 package
-% latex table generated in R 3.3.3 by xtable 1.8-2 package
+% latex table generated in R 3.5.0 by xtable 1.8-2 package
-% latex table generated in R 3.3.3 by xtable 1.8-2 package
+% latex table generated in R 3.5.0 by xtable 1.8-2 package
-% latex table generated in R 3.3.3 by xtable 1.8-2 package
+% latex table generated in R 3.5.0 by xtable 1.8-2 package
-% latex table generated in R 3.3.3 by xtable 1.8-2 package
+% latex table generated in R 3.5.0 by xtable 1.8-2 package
-% latex table generated in R 3.3.3 by xtable 1.8-2 package
+% latex table generated in R 3.5.0 by xtable 1.8-2 package
-% latex table generated in R 3.3.3 by xtable 1.8-2 package
+% latex table generated in R 3.5.0 by xtable 1.8-2 package
-% latex table generated in R 3.3.3 by xtable 1.8-2 package
+% latex table generated in R 3.5.0 by xtable 1.8-2 package
-% latex table generated in R 3.3.3 by xtable 1.8-2 package
+% latex table generated in R 3.5.0 by xtable 1.8-2 package
-  Durchmesser &  \multicolumn{2}{c}{>=50 cm} & \multicolumn{2}{c}{0-24.9 cm} & \multicolumn{2}{c}{25-49.9 cm} & \multicolumn{2}{c}{Gesamt} \\ \toprule
+  Durchmesser &  \multicolumn{2}{c}{0-24.9 cm} & \multicolumn{2}{c}{25-49.9 cm} & \multicolumn{2}{c}{>=50 cm} & \multicolumn{2}{c}{Gesamt} \\ \toprule
-1987 - 2002 & 85.054 & 22.810 & 95.804 & 17.248 & 350.672 & 57.170 & 531.531 & 77.754 \\ 
+1987 - 2002 & 95.804 & 17.248 & 350.672 & 57.170 & 85.054 & 22.810 & 531.531 & 77.754 \\ 
-2002 - 2012 & 63.920 & 13.397 & 46.460 &  8.917 & 152.994 & 24.932 & 263.373 & 37.350 \\ 
+2002 - 2012 & 46.460 &  8.917 & 152.994 & 24.932 & 63.920 & 13.397 & 263.373 & 37.350 \\ 
-% latex table generated in R 3.3.3 by xtable 1.8-2 package
+% latex table generated in R 3.5.0 by xtable 1.8-2 package
-% latex table generated in R 3.3.3 by xtable 1.8-2 package
+% latex table generated in R 3.5.0 by xtable 1.8-2 package
-% latex table generated in R 3.3.3 by xtable 1.8-2 package
+% latex table generated in R 3.5.0 by xtable 1.8-2 package
-% latex table generated in R 3.3.3 by xtable 1.8-2 package
+% latex table generated in R 3.5.0 by xtable 1.8-2 package
-% latex table generated in R 3.3.3 by xtable 1.8-2 package
+% latex table generated in R 3.5.0 by xtable 1.8-2 package
-% latex table generated in R 3.3.3 by xtable 1.8-2 package
+% latex table generated in R 3.5.0 by xtable 1.8-2 package
-% latex table generated in R 3.3.3 by xtable 1.8-2 package
+% latex table generated in R 3.5.0 by xtable 1.8-2 package
-% latex table generated in R 3.3.3 by xtable 1.8-2 package
+% latex table generated in R 3.5.0 by xtable 1.8-2 package
-% latex table generated in R 3.3.3 by xtable 1.8-2 package
+% latex table generated in R 3.5.0 by xtable 1.8-2 package
-% latex table generated in R 3.3.3 by xtable 1.8-2 package
+% latex table generated in R 3.5.0 by xtable 1.8-2 package
