plot_deadwood: no visible binding for global variable 'prediction'
plot_deadwood: no visible binding for global variable 'standard_error'
plot_deadwood: no visible binding for global variable 'prediction'
plot_deadwood: no visible binding for global variable 'standard_error'
plot_deadwood: no visible binding for global variable 'dot_district_tex'
plot_group_area_by_age: no visible binding for global variable 'graphics_directory'
plot_group_area_by_age: no visible binding for global variable 'regional_file_name'
plot_group_area_by_age: no visible binding for global variable 'krs.grupp'
plot_group_area_by_age: no visible binding for global variable 'i'
plot_group_area_by_age: no visible binding for global variable 'stratii'
plot_group_area_by_age: no visible binding for global variable 'stratum_index'
plot_group_area_by_age: no visible binding for global variable 'prediction'
plot_group_area_by_age: no visible binding for global variable 'group'
plot_group_area_by_age: no visible binding for global variable 'bwi'
plot_group_area_by_age: no visible binding for global variable 'bwi'
plot_group_area_by_age: no visible binding for global variable 'prediction'
plot_group_area_by_age: no visible binding for global variable 'standard_error'
plot_group_area_by_age: no visible binding for global variable 'prediction'
plot_group_area_by_age: no visible binding for global variable 'standard_error'
plot_group_area_by_age: no visible binding for global variable 'plots_directory'
plot_group_area_by_age: no visible binding for global variable 'dot_district_tex'
plot_group_stocks_by_girth: no visible binding for global variable 'graphics_height'
plot_group_stocks_by_girth: no visible binding for global variable 'graphics_directory'
plot_group_stocks_by_girth: no visible binding for global variable 'regional_file_name'
plot_group_stocks_by_girth: no visible binding for global variable 'krs.grupp'
plot_group_stocks_by_girth: no visible binding for global variable 'i'
plot_group_stocks_by_girth: no visible binding for global variable 'stratii'
plot_group_stocks_by_girth: no visible binding for global variable 'stratum_index'
plot_group_stocks_by_girth: no visible binding for global variable 'prediction'
plot_group_stocks_by_girth: no visible binding for global variable 'group'
plot_group_stocks_by_girth: no visible binding for global variable 'bwi'
plot_group_stocks_by_girth: no visible binding for global variable 'bwi'
plot_group_stocks_by_girth: no visible binding for global variable 'prediction'
plot_group_stocks_by_girth: no visible binding for global variable 'standard_error'
plot_group_stocks_by_girth: no visible binding for global variable 'prediction'
plot_group_stocks_by_girth: no visible binding for global variable 'standard_error'
plot_group_stocks_by_girth: no visible binding for global variable 'plots_directory'
plot_group_stocks_by_girth: no visible binding for global variable 'dot_district_tex'
plot_groups_areas: no visible binding for global variable 'graphics_height'
plot_groups_areas: no visible binding for global variable 'graphics_directory'
plot_groups_areas: no visible binding for global variable 'regional_file_name'
plot_groups_areas: no visible binding for global variable 'krs.grupp'
plot_groups_areas: no visible binding for global variable 'i'
plot_groups_areas: no visible binding for global variable 'district_groups'
plot_groups_areas: no visible binding for global variable 'stratii'
plot_groups_areas: no visible binding for global variable 'stratum_index'
plot_groups_areas: no visible binding for global variable 'prediction'
plot_groups_areas: no visible binding for global variable 'species'
plot_groups_areas: no visible binding for global variable 'bwi'
plot_groups_areas: no visible binding for global variable 'bwi'
plot_groups_areas: no visible binding for global variable 'prediction'
plot_groups_areas: no visible binding for global variable 'standard_error'
plot_groups_areas: no visible binding for global variable 'prediction'
plot_groups_areas: no visible binding for global variable 'standard_error'
plot_groups_areas: no visible binding for global variable 'plots_directory'
plot_groups_areas: no visible binding for global variable 'dot_district_tex'
plot_groups_areas: no visible binding for global variable 'dot_district_tex'
plot_groups_stocks: no visible binding for global variable 'graphics_height'
plot_groups_stocks: no visible binding for global variable 'graphics_directory'
plot_groups_stocks: no visible binding for global variable 'regional_file_name'
plot_groups_stocks: no visible binding for global variable 'krs.grupp'
plot_groups_stocks: no visible binding for global variable 'i'
plot_groups_stocks: no visible binding for global variable 'district_groups'
plot_groups_stocks: no visible binding for global variable 'stratii'
plot_groups_stocks: no visible binding for global variable 'stratum_index'
plot_groups_stocks: no visible binding for global variable 'species'
plot_groups_stocks: no visible binding for global variable 'prediction'
plot_groups_stocks: no visible binding for global variable 'species'
plot_groups_stocks: no visible binding for global variable 'bwi'
plot_groups_stocks: no visible binding for global variable 'bwi'
plot_groups_stocks: no visible binding for global variable 'prediction'
plot_groups_stocks: no visible binding for global variable 'standard_error'
plot_groups_stocks: no visible binding for global variable 'prediction'
plot_groups_stocks: no visible binding for global variable 'standard_error'
plot_groups_stocks: no visible binding for global variable 'plots_directory'
plot_groups_stocks: no visible binding for global variable 'dot_district_tex'
plot_groups_stocks: no visible binding for global variable 'stratii'
plot_groups_stocks: no visible binding for global variable 'stratum_index'
plot_groups_stocks: no visible binding for global variable 'dot_district_tex'
plot_growth_loss: no visible binding for global variable 'graphics_height'
plot_growth_loss: no visible binding for global variable 'graphics_directory'
plot_growth_loss: no visible binding for global variable 'regional_file_name'
plot_growth_loss: no visible binding for global variable 'krs.grupp'
plot_growth_loss: no visible binding for global variable 'i'
plot_growth_loss: no visible binding for global variable 'district_groups'
plot_growth_loss: no visible binding for global variable 'stratii'
plot_growth_loss: no visible binding for global variable 'stratum_index'
plot_growth_loss: no visible binding for global variable 'prediction'
plot_growth_loss: no visible binding for global variable 'x'
plot_growth_loss: no visible binding for global variable 'foo'
plot_growth_loss: no visible binding for global variable 'prediction'
plot_growth_loss: no visible binding for global variable 'standard_error'
plot_growth_loss: no visible binding for global variable 'prediction'
plot_growth_loss: no visible binding for global variable 'standard_error'
plot_growth_loss: no visible binding for global variable 'plots_directory'
plot_growth_loss: no visible binding for global variable 'dot_district_tex'
plot_loss: no visible binding for global variable 'graphics_height'
plot_loss: no visible binding for global variable 'graphics_directory'
plot_loss: no visible binding for global variable 'regional_file_name'
plot_loss: no visible binding for global variable 'krs.grupp'
plot_loss: no visible binding for global variable 'i'
plot_loss: no visible binding for global variable 'prediction'
plot_loss: no visible binding for global variable 'x'
plot_loss: no visible binding for global variable 'period'
plot_loss: no visible binding for global variable 'bwi'
plot_loss: no visible binding for global variable 'prediction'
plot_loss: no visible binding for global variable 'standard_error'
plot_loss: no visible binding for global variable 'prediction'
plot_loss: no visible binding for global variable 'standard_error'
plot_loss: no visible binding for global variable 'stratii'
plot_loss: no visible binding for global variable 'stratum_index'
plot_loss: no visible binding for global variable 'plots_directory'
plot_loss: no visible binding for global variable 'dot_district_tex'
plot_ntns: no visible binding for global variable 'graphics_height'
plot_ntns: no visible binding for global variable 'graphics_directory'
plot_ntns: no visible binding for global variable 'regional_file_name'
plot_ntns: no visible binding for global variable 'krs.grupp'
plot_ntns: no visible binding for global variable 'i'
plot_ntns: no visible binding for global variable 'prediction'
plot_ntns: no visible binding for global variable 'NTNS'
plot_ntns: no visible binding for global variable 'bwi'
plot_ntns: no visible binding for global variable 'bwi'
plot_ntns: no visible binding for global variable 'prediction'
plot_ntns: no visible binding for global variable 'standard_error'
plot_ntns: no visible binding for global variable 'prediction'
plot_ntns: no visible binding for global variable 'standard_error'
plot_ntns: no visible binding for global variable 'stratii'
plot_ntns: no visible binding for global variable 'stratum_index'
plot_ntns: no visible binding for global variable 'plots_directory'
plot_ntns: no visible binding for global variable 'dot_district_tex'
plot_ownership: no visible binding for global variable 'graphics_height'
plot_ownership: no visible binding for global variable 'graphics_directory'
plot_ownership: no visible binding for global variable 'regional_file_name'
plot_ownership: no visible binding for global variable 'krs.grupp'
plot_ownership: no visible binding for global variable 'i'
plot_ownership: no visible binding for global variable 'radius'
plot_ownership: no visible binding for global variable 'position'
plot_ownership: no visible binding for global variable 'ownership_realive_area'
plot_ownership: no visible binding for global variable 'plots_directory'
plot_silviculturally_relevant: no visible binding for global variable 'graphics_height'
plot_silviculturally_relevant: no visible binding for global variable 'graphics_directory'
plot_silviculturally_relevant: no visible binding for global variable 'regional_file_name'
plot_silviculturally_relevant: no visible binding for global variable 'krs.grupp'
plot_silviculturally_relevant: no visible binding for global variable 'i'
plot_silviculturally_relevant: no visible binding for global variable 'district_groups'
plot_silviculturally_relevant: no visible binding for global variable 'stratii'
plot_silviculturally_relevant: no visible binding for global variable 'stratum_index'
plot_silviculturally_relevant: no visible binding for global variable 'prediction'
plot_silviculturally_relevant: no visible binding for global variable 'species'
plot_silviculturally_relevant: no visible binding for global variable 'bwi'
plot_silviculturally_relevant: no visible binding for global variable 'bwi'
plot_silviculturally_relevant: no visible binding for global variable 'prediction'
plot_silviculturally_relevant: no visible binding for global variable 'standard_error'
plot_silviculturally_relevant: no visible binding for global variable 'prediction'
plot_silviculturally_relevant: no visible binding for global variable 'standard_error'
plot_silviculturally_relevant: no visible binding for global variable 'plots_directory'
plot_silviculturally_relevant: no visible binding for global variable 'dot_district_tex'
regeneration: no visible binding for global variable 'graphics_height'
regeneration: no visible binding for global variable 'graphics_directory'
regeneration: no visible binding for global variable 'regional_file_name'
regeneration: no visible binding for global variable 'krs.grupp'
regeneration: no visible binding for global variable 'i'
regeneration: no visible binding for global variable 'stratii'
regeneration: no visible binding for global variable 'stratum_index'
regeneration: no visible binding for global variable 'dot_district_tex'
table_tex_front_matter: no visible binding for global variable 'generator_notice'
tex_table: no visible binding for global variable 'graphics_directory'
tex_table: no visible binding for global variable 'graphics_directory'
tex_table: no visible binding for global variable 'tables_directory'
to_tex: no visible binding for global variable 'dot_district_tex'
